[busdstaking.com/index.html]
[backblue.gif]
[fade.gif]
[index.html]
[busdstaking.com/favicon.png]
[busdstaking.com/css/style.css]
[busdstaking.com/assets/milky/chunk.css]
[busdstaking.com/assets/milky/awersome.css]
[ajax.googleapis.com/ajax/libs/jquery/3.3.1/jquery.min.js]
[cdnjs.cloudflare.com/ajax/libs/popper.js/1.14.7/umd/popper.min.js]
[stackpath.bootstrapcdn.com/bootstrap/4.3.1/js/bootstrap.min.js]
[busdstaking.com/dist/index.html]
[busdstaking.com/media/menu_add.svg]
[busdstaking.com/media/logo_text.png]
[busdstaking.com/media/home.png]
[busdstaking.com/media/lock.png]
[busdstaking.com/media/account.png]
[busdstaking.com/media/calculator.png]
[busdstaking.com/media/swap.png]
[busdstaking.com/Instructions.pdf]
[busdstaking.com/media/whitepaper.png]
[unpkg.com/web3@1.2.11/dist/web3.min.js]
[unpkg.com/web3modal@1.9.5/dist/index.js]
[unpkg.com/evm-chains@0.2.0/dist/umd/index.min.js]
[unpkg.com/@walletconnect/web3-provider@1.2.1/dist/umd/index.min.js]
[busdstaking.com/assets/js/bignumber.js]
[unpkg.com/web3@latest/dist/web3.min.js]
[unpkg.com/web3@1.7.5/dist/web3.min.js]
[busdstaking.com/assets/js/app.js]
[busdstaking.com/js/dapp.js]
[busdstaking.com/js/sidebar.js]
[busdstaking.com/js/range-input.js]
[busdstaking.com/index.html]
[busdstaking.com/media/background.png]
[busdstaking.com/css/style.css]
[busdstaking.com/assets/milky/bg1tSM.jpg]
[busdstaking.com/assets/milky/chunk.css]
[busdstaking.com/assets/milky/fa-brands-400.eot]
[busdstaking.com/assets/milky/fa-brands-400d41d.eot]
[busdstaking.com/assets/milky/fa-brands-400.woff2]
[busdstaking.com/assets/milky/fa-brands-400.woff]
[busdstaking.com/assets/milky/fa-brands-400.ttf]
[busdstaking.com/assets/milky/fa-brands-400.svg]
[busdstaking.com/assets/milky/fa-duotone-900.eot]
[busdstaking.com/assets/milky/fa-duotone-900d41d.eot]
[busdstaking.com/assets/milky/fa-duotone-900.woff2]
[busdstaking.com/assets/milky/fa-duotone-900.woff]
[busdstaking.com/assets/milky/fa-duotone-900.ttf]
[busdstaking.com/assets/milky/fa-duotone-900.svg]
[busdstaking.com/assets/milky/fa-light-300.eot]
[busdstaking.com/assets/milky/fa-light-300d41d.eot]
[busdstaking.com/assets/milky/fa-light-300.woff2]
[busdstaking.com/assets/milky/fa-light-300.woff]
[busdstaking.com/assets/milky/fa-light-300.ttf]
[busdstaking.com/assets/milky/fa-light-300.svg]
[busdstaking.com/assets/milky/fa-regular-400.eot]
[busdstaking.com/assets/milky/fa-regular-400d41d.eot]
[busdstaking.com/assets/milky/fa-regular-400.woff2]
[busdstaking.com/assets/milky/fa-regular-400.woff]
[busdstaking.com/assets/milky/fa-regular-400.ttf]
[busdstaking.com/assets/milky/fa-regular-400.svg]
[busdstaking.com/assets/milky/fa-solid-900.eot]
[busdstaking.com/assets/milky/fa-solid-900d41d.eot]
[busdstaking.com/assets/milky/fa-solid-900.woff2]
[busdstaking.com/assets/milky/fa-solid-900.woff]
[busdstaking.com/assets/milky/fa-solid-900.ttf]
[busdstaking.com/assets/milky/fa-solid-900.svg]
[busdstaking.com/assets/milky/awersome.css]
[cdnjs.cloudflare.com/ajax/libs/modernizr/2.8.3/modernizr.min.js]
[cdnjs.cloudflare.com/ajax/libs/normalize/5.0.0/normalize.min.css]
[busdstaking.com/dist/style.css]
[cdnjs.cloudflare.com/ajax/libs/prefixfree/1.0.7/prefixfree.min.js]
[busdstaking.com/dist/index.html]
[busdstaking.com/media/menu_add.svg]
[busdstaking.com/assets/milky/bg1tSM.html]
[busdstaking.com/assets/milky/fa-brands-400.html]
[busdstaking.com/assets/milky/fa-brands-400d41d.html]
[busdstaking.com/assets/milky/fa-brands-401.html]
[busdstaking.com/assets/milky/fa-brands-402.html]
[busdstaking.com/assets/milky/fa-brands-403.html]
[busdstaking.com/assets/milky/fa-duotone-900.html]
[busdstaking.com/assets/milky/fa-duotone-900d41d.html]
[busdstaking.com/assets/milky/fa-duotone-901.html]
[busdstaking.com/assets/milky/fa-duotone-902.html]
[busdstaking.com/assets/milky/fa-duotone-903.html]
[busdstaking.com/assets/milky/fa-duotone-904.html]
[busdstaking.com/assets/milky/fa-light-300.html]
[busdstaking.com/assets/milky/fa-light-300d41d.html]
[busdstaking.com/assets/milky/fa-light-301.html]
[busdstaking.com/assets/milky/fa-light-302.html]
[busdstaking.com/assets/milky/fa-light-303.html]
[busdstaking.com/assets/milky/fa-light-304.html]
[busdstaking.com/assets/milky/fa-regular-400.html]
[busdstaking.com/assets/milky/fa-regular-400d41d.html]
[busdstaking.com/assets/milky/fa-regular-401.html]
[busdstaking.com/assets/milky/fa-regular-402.html]
[busdstaking.com/assets/milky/fa-regular-403.html]
[busdstaking.com/assets/milky/fa-regular-404.html]
[busdstaking.com/assets/milky/fa-solid-900.html]
[busdstaking.com/assets/milky/fa-solid-900d41d.html]
[busdstaking.com/assets/milky/fa-solid-901.html]
[busdstaking.com/assets/milky/fa-solid-902.html]
[busdstaking.com/assets/milky/fa-solid-903.html]
[busdstaking.com/assets/milky/fa-solid-904.html]
[cdnjs.cloudflare.com/ajax/libs/normalize/5.0.0/normalize.min.css]
[busdstaking.com/dist/style.css]
[busdstaking.com/dist/script.js]
[cdnjs.cloudflare.com/ajax/libs/jquery/2.1.3/jquery.min.js]
